Arguments: 
  C:\Program Files\nodejs\node.exe C:\Users\mrowr\AppData\Roaming\npm\node_modules\yarn\bin\yarn.js add @skyrim-webui/types

PATH: 
  C:\Program Files (x86)\Common Files\Oracle\Java\javapath;C:\Program Files\ImageMagick-6.9.12-Q16-HDRI;C:\Windows\system32;C:\Windows;C:\Windows\System32\Wbem;C:\Windows\System32\WindowsPowerShell\v1.0\;C:\Windows\System32\OpenSSH\;C:\Program Files\Intel\WiFi\bin\;C:\Program Files\Common Files\Intel\WirelessCommon\;C:\Program Files\Git\cmd;C:\Program Files\dotnet\;C:\Users\mrowr\Dropbox\Skyrim\Tools\Other\pngquant;C:\Program Files\AutoHotkey;C:\Program Files\nodejs\;C:\Ruby30-x64\bin;C:\Users\mrowr\AppData\Local\Microsoft\WindowsApps;C:\Program Files\Intel\WiFi\bin\;C:\Program Files\Common Files\Intel\WirelessCommon\;C:\Users\mrowr\AppData\Local\GitHubDesktop\bin;C:\Users\mrowr\Dropbox\Skyrim\Tools\Bethesda Toolkit;C:\Users\mrowr\.dotnet\tools;C:\Users\mrowr\AppData\Local\Programs\Microsoft VS Code\bin;C:\Users\mrowr\AppData\Roaming\npm;C:\Users\mrowr\Dropbox\Skyrim\Tools\Pyro;C:\Users\mrowr\Dropbox\Skyrim\Tools\Papyrus2Typescript;

Yarn version: 
  1.22.17

Node version: 
  14.18.1

Platform: 
  win32 x64

Trace: 
  Error: https://registry.yarnpkg.com/@skyrim-webui%2ftypes: Not found
      at Request.params.callback [as _callback] (C:\Users\mrowr\AppData\Roaming\npm\node_modules\yarn\lib\cli.js:67029:18)
      at Request.self.callback (C:\Users\mrowr\AppData\Roaming\npm\node_modules\yarn\lib\cli.js:140883:22)
      at Request.emit (events.js:400:28)
      at Request.<anonymous> (C:\Users\mrowr\AppData\Roaming\npm\node_modules\yarn\lib\cli.js:141855:10)
      at Request.emit (events.js:400:28)
      at IncomingMessage.<anonymous> (C:\Users\mrowr\AppData\Roaming\npm\node_modules\yarn\lib\cli.js:141777:12)
      at Object.onceWrapper (events.js:519:28)
      at IncomingMessage.emit (events.js:412:35)
      at endReadableNT (internal/streams/readable.js:1334:12)
      at processTicksAndRejections (internal/process/task_queues.js:82:21)

npm manifest: 
  {
    "name": "@skyrim-webui/runtime-papyrus",
    "version": "1.0.0",
    "description": "Skyrim Platform runtime for the Papyrus integration of the Skyrim WebUI framework",
    "keywords": [
      "skyrim",
      "platform"
    ],
    "author": "Mrowr Purr <mrowr.purr@gmail.com>",
    "homepage": "https://github.com/mrowrpurr/WebUI",
    "license": "MIT",
    "main": "dist/index.js",
    "directories": {
      "lib": "lib",
      "test": "__tests__"
    },
    "files": [
      "lib"
    ],
    "publishConfig": {
      "access": "public"
    },
    "repository": {
      "type": "git",
      "url": "git+https://github.com/mrowrpurr/WebUI.git"
    },
    "scripts": {
      "test": "echo \"Error: run tests from root\" && exit 1"
    },
    "bugs": {
      "url": "https://github.com/mrowrpurr/WebUI/issues"
    }
  }

yarn manifest: 
  No manifest

Lockfile: 
  # THIS IS AN AUTOGENERATED FILE. DO NOT EDIT THIS FILE DIRECTLY.
  # yarn lockfile v1
