Arguments: 
  C:\Program Files\nodejs\node.exe C:\Users\mrowr\AppData\Roaming\npm\node_modules\yarn\bin\yarn.js

PATH: 
  C:\Program Files (x86)\Common Files\Oracle\Java\javapath;C:\Program Files\ImageMagick-6.9.12-Q16-HDRI;C:\Windows\system32;C:\Windows;C:\Windows\System32\Wbem;C:\Windows\System32\WindowsPowerShell\v1.0\;C:\Windows\System32\OpenSSH\;C:\Program Files\Intel\WiFi\bin\;C:\Program Files\Common Files\Intel\WirelessCommon\;C:\Program Files\Git\cmd;C:\Program Files\dotnet\;C:\Users\mrowr\Dropbox\Skyrim\Tools\Other\pngquant;C:\Program Files\AutoHotkey;C:\Program Files\nodejs\;C:\Ruby30-x64\bin;C:\Users\mrowr\AppData\Local\Microsoft\WindowsApps;C:\Program Files\Intel\WiFi\bin\;C:\Program Files\Common Files\Intel\WirelessCommon\;C:\Users\mrowr\AppData\Local\GitHubDesktop\bin;C:\Users\mrowr\Dropbox\Skyrim\Tools\Bethesda Toolkit;C:\Users\mrowr\.dotnet\tools;C:\Users\mrowr\AppData\Local\Programs\Microsoft VS Code\bin;C:\Users\mrowr\AppData\Roaming\npm;C:\Users\mrowr\Dropbox\Skyrim\Tools\Pyro;

Yarn version: 
  1.22.17

Node version: 
  14.18.1

Platform: 
  win32 x64

Trace: 
  Error: EBUSY: resource busy or locked, copyfile 'C:\Users\mrowr\AppData\Local\Yarn\Cache\v6\npm-@jest-environment-27.4.4-66ebebc79673d84aad29d2bb70a8c51e6c29bb4d-integrity\node_modules\@jest\environment\build\index.d.ts' -> 'C:\Users\mrowr\Dropbox\Skyrim\Mods\WebUI\src\modDistributable\runtime\node_modules\@jest\environment\build\index.d.ts'

npm manifest: 
  {
    "name": "webui-private-runtime",
    "version": "1.0.0",
    "description": "Skyrim Platform Runtime for WebUI",
    "author": "Mrowr Purr <mrowr.purr@gmail.com>",
    "license": "MIT",
    "files": [
      "lib/**/*"
    ],
    "scripts": {
      "setup": "node ./scripts/setup.js",
      "build": "tsc",
      "test": "jest",
      "test:watch": "jest --watch",
      "deploy": "node ./scripts/deploy.js",
      "build:deploy": "npm run build && npm run deploy",
      "build:watch": " tsc-watch --onSuccess \"node ./scripts/deploy.js\""
    },
    "devDependencies": {
      "@types/jest": "^27.0.2",
      "glob": "^7.2.0",
      "jest": "^27.3.1",
      "ts-jest": "^27.0.7",
      "tsc": "^2.0.3",
      "tsc-watch": "^4.5.0",
      "typescript": "^4.5.2"
    }
  }

yarn manifest: 
  No manifest

Lockfile: 
  No lockfile
